MSVCRTD.lib(error.obj) : error LNK2019: unresolved external symbol __imp_IsDebuggerPresent referenced in function "void __cdecl failwithmessage(void *,int,int,char const *)" (?failwithmessage@@YAXPEAXHHPEBD@Z)
MSVCRTD.lib(utility_desktop.obj) : error LNK2001: unresolved external symbol __imp_IsDebuggerPresent
MSVCRTD.lib(error.obj) : error LNK2019: unresolved external symbol __imp_RaiseException referenced in function "void __cdecl notify_debugger(struct tagEXCEPTION_VISUALCPP_DEBUG_INFO const &)" (?notify_debugger@@YAXAEBUtagEXCEPTION_VISUALCPP_DEBUG_INFO@@@Z)
MSVCRTD.lib(error.obj) : error LNK2019: unresolved external symbol __imp_MultiByteToWideChar referenced in function "void __cdecl failwithmessage(void *,int,int,char const *)" (?failwithmessage@@YAXPEAXHHPEBD@Z)
MSVCRTD.lib(error.obj) : error LNK2019: unresolved external symbol __imp_WideCharToMultiByte referenced in function "void __cdecl failwithmessage(void *,int,int,char const *)" (?failwithmessage@@YAXPEAXHHPEBD@Z)
MSVCRTD.lib(debugger_jmc.obj) : error LNK2019: unresolved external symbol __imp_GetCurrentThreadId referenced in function __CheckForDebuggerJustMyCode
MSVCRTD.lib(gs_support.obj) : error LNK2001: unresolved external symbol __imp_GetCurrentThreadId
MSVCRTD.lib(pdblkup.obj) : error LNK2019: unresolved external symbol __imp_GetLastError referenced in function "struct HINSTANCE__ * __cdecl GetPdbDll(void)" (?GetPdbDll@@YAPEAUHINSTANCE__@@XZ)
MSVCRTD.lib(pdblkup.obj) : error LNK2019: unresolved external symbol __imp_HeapAlloc referenced in function "int __cdecl _RTC_GetSrcLine(unsigned char *,wchar_t *,unsigned long,int *,wchar_t *,unsigned long)" (?_RTC_GetSrcLine@@YAHPEAEPEA_WKPEAH1K@Z)
MSVCRTD.lib(pdblkup.obj) : error LNK2019: unresolved external symbol __imp_HeapFree referenced in function "int __cdecl _RTC_GetSrcLine(unsigned char *,wchar_t *,unsigned long,int *,wchar_t *,unsigned long)" (?_RTC_GetSrcLine@@YAHPEAEPEA_WKPEAH1K@Z)
MSVCRTD.lib(pdblkup.obj) : error LNK2019: unresolved external symbol __imp_GetProcessHeap referenced in function "int __cdecl _RTC_GetSrcLine(unsigned char *,wchar_t *,unsigned long,int *,wchar_t *,unsigned long)" (?_RTC_GetSrcLine@@YAHPEAEPEA_WKPEAH1K@Z)
MSVCRTD.lib(pdblkup.obj) : error LNK2019: unresolved external symbol __imp_VirtualQuery referenced in function "int __cdecl _RTC_GetSrcLine(unsigned char *,wchar_t *,unsigned long,int *,wchar_t *,unsigned long)" (?_RTC_GetSrcLine@@YAHPEAEPEA_WKPEAH1K@Z)
MSVCRTD.lib(pdblkup.obj) : error LNK2019: unresolved external symbol __imp_FreeLibrary referenced in function "struct HINSTANCE__ * __cdecl GetPdbDllFromInstallPath(void)" (?GetPdbDllFromInstallPath@@YAPEAUHINSTANCE__@@XZ)
MSVCRTD.lib(pdblkup.obj) : error LNK2019: unresolved external symbol __imp_GetProcAddress referenced in function "struct HINSTANCE__ * __cdecl GetPdbDllFromInstallPath(void)" (?GetPdbDllFromInstallPath@@YAPEAUHINSTANCE__@@XZ)
MSVCRTD.lib(gs_report.obj) : error LNK2019: unresolved external symbol __imp_RtlCaptureContext referenced in function capture_current_context
MSVCRTD.lib(utility_desktop.obj) : error LNK2001: unresolved external symbol __imp_RtlCaptureContext
MSVCRTD.lib(gs_report.obj) : error LNK2019: unresolved external symbol __imp_RtlLookupFunctionEntry referenced in function capture_current_context
MSVCRTD.lib(utility_desktop.obj) : error LNK2001: unresolved external symbol __imp_RtlLookupFunctionEntry
MSVCRTD.lib(gs_report.obj) : error LNK2019: unresolved external symbol __imp_RtlVirtualUnwind referenced in function capture_current_context
MSVCRTD.lib(utility_desktop.obj) : error LNK2001: unresolved external symbol __imp_RtlVirtualUnwind
MSVCRTD.lib(gs_report.obj) : error LNK2019: unresolved external symbol __imp_UnhandledExceptionFilter referenced in function __raise_securityfailure
MSVCRTD.lib(utility_desktop.obj) : error LNK2001: unresolved external symbol __imp_UnhandledExceptionFilter
MSVCRTD.lib(gs_report.obj) : error LNK2019: unresolved external symbol __imp_SetUnhandledExceptionFilter referenced in function __raise_securityfailure
MSVCRTD.lib(utility_desktop.obj) : error LNK2001: unresolved external symbol __imp_SetUnhandledExceptionFilter
MSVCRTD.lib(gs_report.obj) : error LNK2019: unresolved external symbol __imp_GetCurrentProcess referenced in function __raise_securityfailure
MSVCRTD.lib(gs_report.obj) : error LNK2019: unresolved external symbol __imp_TerminateProcess referenced in function __raise_securityfailure
MSVCRTD.lib(gs_report.obj) : error LNK2019: unresolved external symbol __imp_IsProcessorFeaturePresent referenced in function __report_gsfailure
MSVCRTD.lib(utility_desktop.obj) : error LNK2001: unresolved external symbol __imp_IsProcessorFeaturePresent
MSVCRTD.lib(gs_support.obj) : error LNK2019: unresolved external symbol __imp_QueryPerformanceCounter referenced in function __get_entropy
MSVCRTD.lib(gs_support.obj) : error LNK2019: unresolved external symbol __imp_GetCurrentProcessId referenced in function __get_entropy
MSVCRTD.lib(gs_support.obj) : error LNK2019: unresolved external symbol __imp_GetSystemTimeAsFileTime referenced in function __get_entropy
MSVCRTD.lib(tncleanup.obj) : error LNK2019: unresolved external symbol __imp_InitializeSListHead referenced in function "void __cdecl __scrt_initialize_type_info(void)" (?__scrt_initialize_type_info@@YAXXZ)
MSVCRTD.lib(utility_desktop.obj) : error LNK2019: unresolved external symbol __imp_GetStartupInfoW referenced in function __scrt_get_show_window_mode
MSVCRTD.lib(utility_desktop.obj) : error LNK2019: unresolved external symbol __imp_GetModuleHandleW referenced in function __scrt_is_managed_app
C:\Program Files (x86)\Microsoft Visual Studio\2019\Community\VC\Auxiliary\VS\lib\x64\kernel32.lib : warning LNK4272: library machine type 'x86' conflicts with target machine type 'x64'
C:\Program Files (x86)\Microsoft Visual Studio\2019\Community\VC\Auxiliary\VS\lib\x64\user32.lib : warning LNK4272: library machine type 'x86' conflicts with target machine type 'x64'
C:\Users\dell\Desktop\console_based-IMS\x64\Debug\console_based-IMS.exe : fatal error LNK1120: 26 unresolved externals
